<?xml version="1.0" encoding="UTF-8"?>
<!-- Generated by org.testng.reporters.JUnitReportReporter -->
<testsuite hostname="CSIR1-PC" name="com.HelpResume.tasteCasehome.HomePageTest" tests="1" failures="0" timestamp="22 May 2018 07:16:00 GMT" time="17.777" errors="0">
  <testcase name="nextcreatepage" time="17.777" classname="com.HelpResume.tasteCasehome.HomePageTest"/>
</testsuite> <!-- com.HelpResume.tasteCasehome.HomePageTest -->
