<?xml version="1.0" encoding="UTF-8"?>
<!-- Generated by org.testng.reporters.JUnitReportReporter -->
<testsuite hostname="CSIR1-PC" name="com.HelpResume.tasteCasehome.TasteCases" tests="3" failures="0" timestamp="17 May 2018 08:55:33 GMT" time="52.289" errors="0">
  <testcase name="varifytitle" time="7.486" classname="com.HelpResume.tasteCasehome.TasteCases"/>
  <testcase name="loginChatPage" time="31.994" classname="com.HelpResume.tasteCasehome.TasteCases"/>
  <testcase name="varifylog" time="12.809" classname="com.HelpResume.tasteCasehome.TasteCases"/>
</testsuite> <!-- com.HelpResume.tasteCasehome.TasteCases -->
