<?xml version="1.0" encoding="UTF-8"?>
<!-- Generated by org.testng.reporters.JUnitReportReporter -->
<testsuite hostname="CSIR1-PC" name="screenshort.facebook" tests="1" failures="0" timestamp="22 May 2018 07:06:12 GMT" time="9.479" errors="0">
  <testcase name="scshort" time="9.479" classname="screenshort.facebook"/>
</testsuite> <!-- screenshort.facebook -->
