<?xml version="1.0" encoding="UTF-8"?>
<!-- Generated by org.testng.reporters.JUnitReportReporter -->
<testsuite hostname="CSIR1-PC" name="com.create.resume.clssTest" tests="1" failures="0" timestamp="10 May 2018 09:05:33 GMT" time="39.975" errors="0">
  <testcase name="ghjkl" time="39.975" classname="com.create.resume.clssTest"/>
</testsuite> <!-- com.create.resume.clssTest -->
